<?xml version="1.0" encoding="UTF-8" ?>
<testsuite errors="5" failures="0" hostname="takeshiito-no-MacBook-Pro.local" name="test.org.ukiuni.lighthttpserver.TestServer" tests="5" time="0.066" timestamp="2013-11-06T14:35:06">
  <properties>
    <property name="java.vendor" value="Apple Inc." />
    <property name="env.__CHECKFIX1436934" value="1" />
    <property name="sun.java.launcher" value="SUN_STANDARD" />
    <property name="eclipse.pdebuild.templates" value="/Applications/eclipse Kepler/plugins/org.eclipse.pde.build_3.8.100.v20130514-1028/templates//" />
    <property name="sun.management.compiler" value="HotSpot 64-Bit Tiered Compilers" />
    <property name="os.name" value="Mac OS X" />
    <property name="sun.boot.class.path" value="/System/Library/Java/JavaVirtualMachines/1.6.0.jdk/Contents/Classes/jsfd.jar:/System/Library/Java/JavaVirtualMachines/1.6.0.jdk/Contents/Classes/classes.jar:/System/Library/Frameworks/JavaVM.framework/Frameworks/JavaRuntimeSupport.framework/Resources/Java/JavaRuntimeSupport.jar:/System/Library/Java/JavaVirtualMachines/1.6.0.jdk/Contents/Classes/ui.jar:/System/Library/Java/JavaVirtualMachines/1.6.0.jdk/Contents/Classes/laf.jar:/System/Library/Java/JavaVirtualMachines/1.6.0.jdk/Contents/Classes/sunrsasign.jar:/System/Library/Java/JavaVirtualMachines/1.6.0.jdk/Contents/Classes/jsse.jar:/System/Library/Java/JavaVirtualMachines/1.6.0.jdk/Contents/Classes/jce.jar:/System/Library/Java/JavaVirtualMachines/1.6.0.jdk/Contents/Classes/charsets.jar" />
    <property name="env.TMPDIR" value="/var/folders/kz/yhj78xdx66vg5xbrs__n_md00000gn/T/" />
    <property name="java.vm.specification.vendor" value="Sun Microsystems Inc." />
    <property name="ant.home" value="/Applications/eclipse Kepler/plugins/org.apache.ant_1.8.4.v201303080030" />
    <property name="java.runtime.version" value="1.6.0_65-b14-462-11M4609" />
    <property name="env.Apple_PubSub_Socket_Render" value="/tmp/launch-KnIe9r/Render" />
    <property name="user.name" value="tito" />
    <property name="env.USER" value="tito" />
    <property name="env.SHELL" value="/bin/bash" />
    <property name="env.__CF_USER_TEXT_ENCODING" value="0x1F5:1:14" />
    <property name="awt.nativeDoubleBuffering" value="true" />
    <property name="env.PATH" value="/usr/bin:/bin:/usr/sbin:/sbin" />
    <property name="user.language" value="ja" />
    <property name="ant.file.LightHttpServer" value="/Users/tito/git/lightHttpServerUnit/build/build.xml" />
    <property name="sun.boot.library.path" value="/System/Library/Java/JavaVirtualMachines/1.6.0.jdk/Contents/Libraries" />
    <property name="ant.project.default-target" value="create_run_jar" />
    <property name="ant.project.name" value="LightHttpServer" />
    <property name="java.version" value="1.6.0_65" />
    <property name="version" value="0.0.15" />
    <property name="user.timezone" value="" />
    <property name="sun.arch.data.model" value="64" />
    <property name="http.nonProxyHosts" value="local|*.local|169.254/16|*.169.254/16" />
    <property name="java.endorsed.dirs" value="/System/Library/Java/JavaVirtualMachines/1.6.0.jdk/Contents/Home/lib/endorsed" />
    <property name="sun.cpu.isalist" value="" />
    <property name="sun.jnu.encoding" value="SJIS" />
    <property name="file.encoding.pkg" value="sun.io" />
    <property name="ECLIPSE_HOME" value="/Applications/eclipse Kepler" />
    <property name="file.separator" value="/" />
    <property name="java.specification.name" value="Java Platform API Specification" />
    <property name="java.class.version" value="50.0" />
    <property name="user.country" value="JP" />
    <property name="java.home" value="/System/Library/Java/JavaVirtualMachines/1.6.0.jdk/Contents/Home" />
    <property name="java.vm.info" value="mixed mode" />
    <property name="env.LOGNAME" value="tito" />
    <property name="ant.file" value="/Users/tito/git/lightHttpServerUnit/build/build.xml" />
    <property name="os.version" value="10.9" />
    <property name="path.separator" value=":" />
    <property name="java.vm.version" value="20.65-b04-462" />
    <property name="ant.library.dir" value="/Applications/eclipse Kepler/plugins/org.apache.ant_1.8.4.v201303080030/lib" />
    <property name="junit.output.dir" value="junit" />
    <property name="java.awt.printerjob" value="apple.awt.CPrinterJob" />
    <property name="sun.io.unicode.encoding" value="UnicodeLittle" />
    <property name="awt.toolkit" value="apple.awt.CToolkit" />
    <property name="socksNonProxyHosts" value="local|*.local|169.254/16|*.169.254/16" />
    <property name="ftp.nonProxyHosts" value="local|*.local|169.254/16|*.169.254/16" />
    <property name="env.JAVA_STARTED_ON_FIRST_THREAD_9827" value="1" />
    <property name="eclipse.pdebuild.scripts" value="/Applications/eclipse Kepler/plugins/org.eclipse.pde.build_3.8.100.v20130514-1028/scripts//" />
    <property name="ant.file.type.LightHttpServer" value="file" />
    <property name="user.home" value="/Users/tito" />
    <property name="jar_path" value="bin/lightHttpServer_0.0.15_snapshot.jar" />
    <property name="target" value="1.6" />
    <property name="java.specification.vendor" value="Sun Microsystems Inc." />
    <property name="java.library.path" value=".:/Library/Java/Extensions:/System/Library/Java/Extensions:/usr/lib/java" />
    <property name="java.vendor.url" value="http://www.apple.com/" />
    <property name="java.vm.vendor" value="Apple Inc." />
    <property name="gopherProxySet" value="false" />
    <property name="java.runtime.name" value="Java(TM) SE Runtime Environment" />
    <property name="sun.java.command" value="org.apache.tools.ant.taskdefs.optional.junit.JUnitTestRunner test.org.ukiuni.lighthttpserver.TestServer filtertrace=true haltOnError=false haltOnFailure=false formatter=org.apache.tools.ant.taskdefs.optional.junit.OutErrSummaryJUnitResultFormatter showoutput=false outputtoformatters=true logfailedtests=true logtestlistenerevents=false formatter=org.apache.tools.ant.taskdefs.optional.junit.XMLJUnitResultFormatter,/Users/tito/git/lightHttpServerUnit/junit/TEST-test.org.ukiuni.lighthttpserver.TestServer.xml crashfile=/Users/tito/git/lightHttpServerUnit/junitvmwatcher246252995536832850.properties propsfile=/Users/tito/git/lightHttpServerUnit/junit3368422711416369756.properties" />
    <property name="java.class.path" value="/Users/tito/git/lightHttpServerUnit/classes:/Users/tito/git/lightHttpServerUnit/testLibs/junit.jar:/Users/tito/git/lightHttpServerUnit/testLibs/org.hamcrest.core_1.3.0.v201303031735.jar:/Users/tito/git/lightHttpServerUnit/test/classes:/Applications/eclipse Kepler/plugins/org.apache.ant_1.8.4.v201303080030/lib/ant-launcher.jar:/Applications/eclipse Kepler/plugins/org.apache.ant_1.8.4.v201303080030/lib/ant.jar:/Applications/eclipse Kepler/plugins/org.apache.ant_1.8.4.v201303080030/lib/ant-junit.jar:/Applications/eclipse Kepler/plugins/org.apache.ant_1.8.4.v201303080030/lib/ant-junit4.jar" />
    <property name="ant.version" value="Apache Ant(TM) version 1.8.4 compiled on May 22 2012" />
    <property name="env.com.apple.java.jvmMode" value="client" />
    <property name="java.vm.specification.name" value="Java Virtual Machine Specification" />
    <property name="java.vm.specification.version" value="1.0" />
    <property name="sun.cpu.endian" value="little" />
    <property name="sun.os.patch.level" value="unknown" />
    <property name="debuglevel" value="source,lines,vars" />
    <property name="env.HOME" value="/Users/tito" />
    <property name="env.ANT_HOME" value="/Applications/eclipse Kepler/plugins/org.apache.ant_1.8.4.v201303080030" />
    <property name="java.io.tmpdir" value="/var/folders/kz/yhj78xdx66vg5xbrs__n_md00000gn/T/" />
    <property name="eclipse.pdebuild.home" value="/Applications/eclipse Kepler/plugins/org.eclipse.pde.build_3.8.100.v20130514-1028/.//" />
    <property name="java.vendor.url.bug" value="http://bugreport.apple.com/" />
    <property name="env.SSH_AUTH_SOCK" value="/tmp/launch-oOapEi/Listeners" />
    <property name="mrj.build" value="11M4609" />
    <property name="java.awt.graphicsenv" value="apple.awt.CGraphicsEnvironment" />
    <property name="os.arch" value="x86_64" />
    <property name="env.JAVA_STARTED_ON_FIRST_THREAD_10051" value="1" />
    <property name="java.ext.dirs" value="/Library/Java/Extensions:/System/Library/Java/Extensions:/System/Library/Java/JavaVirtualMachines/1.6.0.jdk/Contents/Home/lib/ext" />
    <property name="user.dir" value="/Users/tito/git/lightHttpServerUnit" />
    <property name="env.com.apple.java.jvmTask" value="CommandLine_Manual.java" />
    <property name="major.minor" value="0.0" />
    <property name="mrj.version" value="1070.1.6.0_65-462" />
    <property name="line.separator" value="&#xa;" />
    <property name="java.vm.name" value="Java HotSpot(TM) 64-Bit Server VM" />
    <property name="next.build.number" value="15" />
    <property name="env.APP_ICON_9827" value="../Resources/Eclipse.icns" />
    <property name="basedir" value="/Users/tito/git/lightHttpServerUnit" />
    <property name="ant.java.version" value="1.6" />
    <property name="ant.core.lib" value="/Applications/eclipse Kepler/plugins/org.apache.ant_1.8.4.v201303080030/lib/ant.jar" />
    <property name="source" value="1.6" />
    <property name="file.encoding" value="SJIS" />
    <property name="java.specification.version" value="1.6" />
    <property name="ant.project.invoked-targets" value="create_run_jar" />
    <property name="env.JAVA_MAIN_CLASS_10051" value="org.eclipse.ant.internal.launching.remote.InternalAntRunner" />
  </properties>
  <testcase classname="test.org.ukiuni.lighthttpserver.TestServer" name="testBasic" time="0.0090">
    <error message="Address already in use" type="java.net.BindException">java.net.BindException: Address already in use
	at java.net.PlainSocketImpl.socketBind(Native Method)
	at java.net.PlainSocketImpl.socketBind(PlainSocketImpl.java:521)
	at java.net.PlainSocketImpl.bind(PlainSocketImpl.java:414)
	at java.net.ServerSocket.bind(ServerSocket.java:326)
	at java.net.ServerSocket.&lt;init&gt;(ServerSocket.java:192)
	at java.net.ServerSocket.&lt;init&gt;(ServerSocket.java:104)
	at org.ukiuni.lighthttpserver.HttpServer.start(HttpServer.java:96)
	at test.org.ukiuni.lighthttpserver.TestServer.setupServer(TestServer.java:32)
</error>
  </testcase>
  <testcase classname="test.org.ukiuni.lighthttpserver.TestServer" name="testResponse" time="0.0010">
    <error message="Address already in use" type="java.net.BindException">java.net.BindException: Address already in use
	at java.net.PlainSocketImpl.socketBind(Native Method)
	at java.net.PlainSocketImpl.socketBind(PlainSocketImpl.java:521)
	at java.net.PlainSocketImpl.bind(PlainSocketImpl.java:414)
	at java.net.ServerSocket.bind(ServerSocket.java:326)
	at java.net.ServerSocket.&lt;init&gt;(ServerSocket.java:192)
	at java.net.ServerSocket.&lt;init&gt;(ServerSocket.java:104)
	at org.ukiuni.lighthttpserver.HttpServer.start(HttpServer.java:96)
	at test.org.ukiuni.lighthttpserver.TestServer.setupServer(TestServer.java:32)
</error>
  </testcase>
  <testcase classname="test.org.ukiuni.lighthttpserver.TestServer" name="testPost" time="0.0010">
    <error message="Address already in use" type="java.net.BindException">java.net.BindException: Address already in use
	at java.net.PlainSocketImpl.socketBind(Native Method)
	at java.net.PlainSocketImpl.socketBind(PlainSocketImpl.java:521)
	at java.net.PlainSocketImpl.bind(PlainSocketImpl.java:414)
	at java.net.ServerSocket.bind(ServerSocket.java:326)
	at java.net.ServerSocket.&lt;init&gt;(ServerSocket.java:192)
	at java.net.ServerSocket.&lt;init&gt;(ServerSocket.java:104)
	at org.ukiuni.lighthttpserver.HttpServer.start(HttpServer.java:96)
	at test.org.ukiuni.lighthttpserver.TestServer.setupServer(TestServer.java:32)
</error>
  </testcase>
  <testcase classname="test.org.ukiuni.lighthttpserver.TestServer" name="testSSLPost" time="0.0010">
    <error message="Address already in use" type="java.net.BindException">java.net.BindException: Address already in use
	at java.net.PlainSocketImpl.socketBind(Native Method)
	at java.net.PlainSocketImpl.socketBind(PlainSocketImpl.java:521)
	at java.net.PlainSocketImpl.bind(PlainSocketImpl.java:414)
	at java.net.ServerSocket.bind(ServerSocket.java:326)
	at java.net.ServerSocket.&lt;init&gt;(ServerSocket.java:192)
	at java.net.ServerSocket.&lt;init&gt;(ServerSocket.java:104)
	at org.ukiuni.lighthttpserver.HttpServer.start(HttpServer.java:96)
	at test.org.ukiuni.lighthttpserver.TestServer.setupServer(TestServer.java:32)
</error>
  </testcase>
  <testcase classname="test.org.ukiuni.lighthttpserver.TestServer" name="testDefaultHandler" time="0.0010">
    <error message="Address already in use" type="java.net.BindException">java.net.BindException: Address already in use
	at java.net.PlainSocketImpl.socketBind(Native Method)
	at java.net.PlainSocketImpl.socketBind(PlainSocketImpl.java:521)
	at java.net.PlainSocketImpl.bind(PlainSocketImpl.java:414)
	at java.net.ServerSocket.bind(ServerSocket.java:326)
	at java.net.ServerSocket.&lt;init&gt;(ServerSocket.java:192)
	at java.net.ServerSocket.&lt;init&gt;(ServerSocket.java:104)
	at org.ukiuni.lighthttpserver.HttpServer.start(HttpServer.java:96)
	at test.org.ukiuni.lighthttpserver.TestServer.setupServer(TestServer.java:32)
</error>
  </testcase>
  <system-out><![CDATA[]]></system-out>
  <system-err><![CDATA[]]></system-err>
</testsuite>
